<?xml version="1.0" encoding="UTF-8"?>
<testsuite name="com.grayson.eurekaserver.EurekaserverApplicationTests" tests="1" skipped="0" failures="0" errors="0" timestamp="2021-04-16T02:20:28" hostname="GraysonMacBook-Pro.local" time="0.502">
  <properties/>
  <testcase name="contextLoads()" classname="com.grayson.eurekaserver.EurekaserverApplicationTests" time="0.502"/>
  <system-out><![CDATA[10:20:18.893 [Test worker] DEBUG org.springframework.test.context.BootstrapUtils - Instantiating CacheAwareContextLoaderDelegate from class [org.springframework.test.context.cache.DefaultCacheAwareContextLoaderDelegate]
10:20:18.909 [Test worker] DEBUG org.springframework.test.context.BootstrapUtils - Instantiating BootstrapContext using constructor [public org.springframework.test.context.support.DefaultBootstrapContext(java.lang.Class,org.springframework.test.context.CacheAwareContextLoaderDelegate)]
10:20:19.006 [Test worker] DEBUG org.springframework.test.context.BootstrapUtils - Instantiating TestContextBootstrapper for test class [com.grayson.eurekaserver.EurekaserverApplicationTests] from class [org.springframework.boot.test.context.SpringBootTestContextBootstrapper]
10:20:19.041 [Test worker] INFO org.springframework.boot.test.context.SpringBootTestContextBootstrapper - Neither @ContextConfiguration nor @ContextHierarchy found for test class [com.grayson.eurekaserver.EurekaserverApplicationTests], using SpringBootContextLoader
10:20:19.048 [Test worker] DEBUG org.springframework.test.context.support.AbstractContextLoader - Did not detect default resource location for test class [com.grayson.eurekaserver.EurekaserverApplicationTests]: class path resource [com/grayson/eurekaserver/EurekaserverApplicationTests-context.xml] does not exist
10:20:19.049 [Test worker] DEBUG org.springframework.test.context.support.AbstractContextLoader - Did not detect default resource location for test class [com.grayson.eurekaserver.EurekaserverApplicationTests]: class path resource [com/grayson/eurekaserver/EurekaserverApplicationTestsContext.groovy] does not exist
10:20:19.050 [Test worker] INFO org.springframework.test.context.support.AbstractContextLoader - Could not detect default resource locations for test class [com.grayson.eurekaserver.EurekaserverApplicationTests]: no resource found for suffixes {-context.xml, Context.groovy}.
10:20:19.052 [Test worker] INFO org.springframework.test.context.support.AnnotationConfigContextLoaderUtils - Could not detect default configuration classes for test class [com.grayson.eurekaserver.EurekaserverApplicationTests]: EurekaserverApplicationTests does not declare any static, non-private, non-final, nested classes annotated with @Configuration.
10:20:19.173 [Test worker] DEBUG org.springframework.test.context.support.ActiveProfilesUtils - Could not find an 'annotation declaring class' for annotation type [org.springframework.test.context.ActiveProfiles] and class [com.grayson.eurekaserver.EurekaserverApplicationTests]
10:20:19.337 [Test worker] DEBUG org.springframework.context.annotation.ClassPathScanningCandidateComponentProvider - Identified candidate component class: file [/Users/baidu/Documents/code/2021/java-projects/microservice/eurekaserver/build/classes/java/main/com/grayson/eurekaserver/EurekaserverApplication.class]
10:20:19.339 [Test worker] INFO org.springframework.boot.test.context.SpringBootTestContextBootstrapper - Found @SpringBootConfiguration com.grayson.eurekaserver.EurekaserverApplication for test class com.grayson.eurekaserver.EurekaserverApplicationTests
10:20:19.573 [Test worker] DEBUG org.springframework.boot.test.context.SpringBootTestContextBootstrapper - @TestExecutionListeners is not present for class [com.grayson.eurekaserver.EurekaserverApplicationTests]: using defaults.
10:20:19.574 [Test worker] INFO org.springframework.boot.test.context.SpringBootTestContextBootstrapper - Loaded default TestExecutionListener class names from location [META-INF/spring.factories]: [org.springframework.boot.test.autoconfigure.restdocs.RestDocsTestExecutionListener, org.springframework.boot.test.autoconfigure.web.client.MockRestServiceServerResetTestExecutionListener, org.springframework.boot.test.autoconfigure.web.servlet.MockMvcPrintOnlyOnFailureTestExecutionListener, org.springframework.boot.test.autoconfigure.web.servlet.WebDriverTestExecutionListener, org.springframework.boot.test.autoconfigure.webservices.client.MockWebServiceServerTestExecutionListener, org.springframework.boot.test.mock.mockito.MockitoTestExecutionListener, org.springframework.boot.test.mock.mockito.ResetMocksTestExecutionListener, org.springframework.test.context.web.ServletTestExecutionListener, org.springframework.test.context.support.DirtiesContextBeforeModesTestExecutionListener, org.springframework.test.context.event.ApplicationEventsTestExecutionListener, org.springframework.test.context.support.DependencyInjectionTestExecutionListener, org.springframework.test.context.support.DirtiesContextTestExecutionListener, org.springframework.test.context.transaction.TransactionalTestExecutionListener, org.springframework.test.context.jdbc.SqlScriptsTestExecutionListener, org.springframework.test.context.event.EventPublishingTestExecutionListener]
10:20:19.604 [Test worker] DEBUG org.springframework.boot.test.context.SpringBootTestContextBootstrapper - Skipping candidate TestExecutionListener [org.springframework.test.context.transaction.TransactionalTestExecutionListener] due to a missing dependency. Specify custom listener classes or make the default listener classes and their required dependencies available. Offending class: [org/springframework/transaction/TransactionDefinition]
10:20:19.605 [Test worker] DEBUG org.springframework.boot.test.context.SpringBootTestContextBootstrapper - Skipping candidate TestExecutionListener [org.springframework.test.context.jdbc.SqlScriptsTestExecutionListener] due to a missing dependency. Specify custom listener classes or make the default listener classes and their required dependencies available. Offending class: [org/springframework/transaction/interceptor/TransactionAttribute]
10:20:19.613 [Test worker] INFO org.springframework.boot.test.context.SpringBootTestContextBootstrapper - Using TestExecutionListeners: [org.springframework.test.context.web.ServletTestExecutionListener@723f777f, org.springframework.test.context.support.DirtiesContextBeforeModesTestExecutionListener@627f8da4, org.springframework.test.context.event.ApplicationEventsTestExecutionListener@4bee1df4, org.springframework.boot.test.mock.mockito.MockitoTestExecutionListener@1581e7e4, org.springframework.boot.test.autoconfigure.SpringBootDependencyInjectionTestExecutionListener@1c8ceea4, org.springframework.test.context.support.DirtiesContextTestExecutionListener@280423c, org.springframework.test.context.event.EventPublishingTestExecutionListener@393aee25, org.springframework.boot.test.autoconfigure.restdocs.RestDocsTestExecutionListener@239e9021, org.springframework.boot.test.autoconfigure.web.client.MockRestServiceServerResetTestExecutionListener@589ca338, org.springframework.boot.test.autoconfigure.web.servlet.MockMvcPrintOnlyOnFailureTestExecutionListener@588d8bb5, org.springframework.boot.test.autoconfigure.web.servlet.WebDriverTestExecutionListener@36280d47, org.springframework.boot.test.autoconfigure.webservices.client.MockWebServiceServerTestExecutionListener@61e09c3b, org.springframework.boot.test.mock.mockito.ResetMocksTestExecutionListener@5c58765c]
10:20:19.629 [Test worker] DEBUG org.springframework.test.context.support.AbstractDirtiesContextTestExecutionListener - Before test class: context [DefaultTestContext@4e329708 testClass = EurekaserverApplicationTests, testInstance = [null], testMethod = [null], testException = [null], mergedContextConfiguration = [WebMergedContextConfiguration@5cc7317c testClass = EurekaserverApplicationTests, locations = '{}', classes = '{class com.grayson.eurekaserver.EurekaserverApplication}', contextInitializerClasses = '[]', activeProfiles = '{}', propertySourceLocations = '{}', propertySourceProperties = '{org.springframework.boot.test.context.SpringBootTestContextBootstrapper=true}', contextCustomizers = set[org.springframework.boot.test.autoconfigure.actuate.metrics.MetricsExportContextCustomizerFactory$DisableMetricExportContextCustomizer@fd05412, org.springframework.boot.test.autoconfigure.properties.PropertyMappingContextCustomizer@0, org.springframework.boot.test.autoconfigure.web.servlet.WebDriverContextCustomizerFactory$Customizer@532563e0, org.springframework.boot.test.context.filter.ExcludeFilterContextCustomizer@14572c61, org.springframework.boot.test.json.DuplicateJsonObjectContextCustomizerFactory$DuplicateJsonObjectContextCustomizer@2c965f40, org.springframework.boot.test.mock.mockito.MockitoContextCustomizer@0, org.springframework.boot.test.web.client.TestRestTemplateContextCustomizer@7d3eabac, org.springframework.boot.test.context.SpringBootTestArgs@1, org.springframework.boot.test.context.SpringBootTestWebEnvironment@34598713], resourceBasePath = 'src/main/webapp', contextLoader = 'org.springframework.boot.test.context.SpringBootContextLoader', parent = [null]], attributes = map['org.springframework.test.context.web.ServletTestExecutionListener.activateListener' -> true]], class annotated with @DirtiesContext [false] with mode [null].
10:20:19.699 [Test worker] DEBUG org.springframework.test.context.support.TestPropertySourceUtils - Adding inlined properties to environment: {spring.jmx.enabled=false, org.springframework.boot.test.context.SpringBootTestContextBootstrapper=true}

  .   ____          _            __ _ _
 /\\ / ___'_ __ _ _(_)_ __  __ _ \ \ \ \
( ( )\___ | '_ | '_| | '_ \/ _` | \ \ \ \
 \\/  ___)| |_)| | | | | || (_| |  ) ) ) )
  '  |____| .__|_| |_|_| |_\__, | / / / /
 =========|_|==============|___/=/_/_/_/
 :: Spring Boot ::                (v2.4.4)

2021-04-16 10:20:20.445  INFO 16828 --- [    Test worker] c.g.e.EurekaserverApplicationTests       : Starting EurekaserverApplicationTests using Java 1.8.0_121 on GraysonMacBook-Pro.local with PID 16828 (started by grayson in /Users/baidu/Documents/code/2021/java-projects/microservice/eurekaserver)
2021-04-16 10:20:20.447  INFO 16828 --- [    Test worker] c.g.e.EurekaserverApplicationTests       : No active profile set, falling back to default profiles: default
2021-04-16 10:20:23.109  INFO 16828 --- [    Test worker] o.s.cloud.context.scope.GenericScope     : BeanFactory id=e98a770e-72f0-369c-b3d8-da352a6d4141
2021-04-16 10:20:25.139  INFO 16828 --- [    Test worker] o.s.s.concurrent.ThreadPoolTaskExecutor  : Initializing ExecutorService 'applicationTaskExecutor'
2021-04-16 10:20:26.737  INFO 16828 --- [    Test worker] DiscoveryClientOptionalArgsConfiguration : Eureka HTTP Client uses Jersey
2021-04-16 10:20:27.052  WARN 16828 --- [    Test worker] iguration$LoadBalancerCaffeineWarnLogger : Spring Cloud LoadBalancer is currently working with the default cache. You can switch to using Caffeine cache, by adding it and org.springframework.cache.caffeine.CaffeineCacheManager to the classpath.
2021-04-16 10:20:27.322  INFO 16828 --- [    Test worker] o.s.c.n.eureka.InstanceInfoFactory       : Setting initial instance status as: STARTING
2021-04-16 10:20:27.396  INFO 16828 --- [    Test worker] com.netflix.discovery.DiscoveryClient    : Initializing Eureka in region us-east-1
2021-04-16 10:20:27.398  INFO 16828 --- [    Test worker] com.netflix.discovery.DiscoveryClient    : Client configured to neither register nor query for data.
2021-04-16 10:20:27.416  INFO 16828 --- [    Test worker] com.netflix.discovery.DiscoveryClient    : Discovery Client initialized at timestamp 1618539627414 with initial instances count: 0
2021-04-16 10:20:27.511  INFO 16828 --- [    Test worker] c.n.eureka.DefaultEurekaServerContext    : Initializing ...
2021-04-16 10:20:27.515  INFO 16828 --- [    Test worker] c.n.eureka.cluster.PeerEurekaNodes       : Adding new peer nodes [http://localhost:8801/eureka/]
2021-04-16 10:20:27.873  INFO 16828 --- [    Test worker] c.n.d.provider.DiscoveryJerseyProvider   : Using JSON encoding codec LegacyJacksonJson
2021-04-16 10:20:27.873  INFO 16828 --- [    Test worker] c.n.d.provider.DiscoveryJerseyProvider   : Using JSON decoding codec LegacyJacksonJson
2021-04-16 10:20:27.874  INFO 16828 --- [    Test worker] c.n.d.provider.DiscoveryJerseyProvider   : Using XML encoding codec XStreamXml
2021-04-16 10:20:27.874  INFO 16828 --- [    Test worker] c.n.d.provider.DiscoveryJerseyProvider   : Using XML decoding codec XStreamXml
2021-04-16 10:20:28.248  INFO 16828 --- [    Test worker] c.n.eureka.cluster.PeerEurekaNodes       : Replica node URL:  http://localhost:8801/eureka/
2021-04-16 10:20:28.263  INFO 16828 --- [    Test worker] c.n.e.registry.AbstractInstanceRegistry  : Finished initializing remote region registries. All known remote regions: []
2021-04-16 10:20:28.265  INFO 16828 --- [    Test worker] c.n.eureka.DefaultEurekaServerContext    : Initialized
2021-04-16 10:20:28.512  INFO 16828 --- [    Test worker] o.s.b.a.e.web.EndpointLinksResolver      : Exposing 2 endpoint(s) beneath base path '/actuator'
2021-04-16 10:20:28.613  INFO 16828 --- [    Test worker] o.s.c.n.e.s.EurekaServiceRegistry        : Registering application EUREKA-SERVER with eureka with status UP
2021-04-16 10:20:28.617  INFO 16828 --- [      Thread-13] o.s.c.n.e.server.EurekaServerBootstrap   : Setting the eureka configuration..
2021-04-16 10:20:28.649  INFO 16828 --- [      Thread-13] o.s.c.n.e.server.EurekaServerBootstrap   : isAws returned false
2021-04-16 10:20:28.649  INFO 16828 --- [      Thread-13] o.s.c.n.e.server.EurekaServerBootstrap   : Initialized server context
2021-04-16 10:20:28.650  INFO 16828 --- [      Thread-13] c.n.e.r.PeerAwareInstanceRegistryImpl    : Got 1 instances from neighboring DS node
2021-04-16 10:20:28.650  INFO 16828 --- [      Thread-13] c.n.e.r.PeerAwareInstanceRegistryImpl    : Renew threshold is: 1
2021-04-16 10:20:28.650  INFO 16828 --- [      Thread-13] c.n.e.r.PeerAwareInstanceRegistryImpl    : Changing status to UP
2021-04-16 10:20:28.664  INFO 16828 --- [      Thread-13] e.s.EurekaServerInitializerConfiguration : Started Eureka Server
2021-04-16 10:20:28.680  INFO 16828 --- [    Test worker] c.g.e.EurekaserverApplicationTests       : Started EurekaserverApplicationTests in 8.97 seconds (JVM running for 11.293)
]]></system-out>
  <system-err><![CDATA[]]></system-err>
</testsuite>
